c:\users\user\documents\github\voxty-dev\appvox\appvox\x64\debug\vc140.pdb
c:\users\user\documents\github\voxty-dev\appvox\appvox\x64\debug\qrc_appvox.obj
c:\users\user\documents\github\voxty-dev\appvox\appvox\x64\debug\main.obj
c:\users\user\documents\github\voxty-dev\appvox\appvox\x64\debug\uislots.obj
c:\users\user\documents\github\voxty-dev\appvox\appvox\x64\debug\sendgetmethods.obj
c:\users\user\documents\github\voxty-dev\appvox\appvox\x64\debug\processpacket.obj
c:\users\user\documents\github\voxty-dev\appvox\appvox\x64\debug\moc_chat.obj
c:\users\user\documents\github\voxty-dev\appvox\appvox\x64\debug\moc_appvox.obj
c:\users\user\documents\github\voxty-dev\appvox\appvox\x64\debug\chat.obj
c:\users\user\documents\github\voxty-dev\appvox\appvox\x64\debug\appvox.obj
c:\users\user\documents\github\voxty-dev\appvox\appvox\x64\debug\essentials.obj
c:\users\user\documents\github\voxty-dev\appvox\appvox\generatedfiles\ui_appvox.h
c:\users\user\documents\github\voxty-dev\appvox\appvox\generatedfiles\qrc_appvox.cpp
c:\users\user\documents\github\voxty-dev\appvox\appvox\generatedfiles\ui_chat.h
c:\users\user\documents\github\voxty-dev\appvox\appvox\generatedfiles\debug\moc_appvox.cpp
c:\users\user\documents\github\voxty-dev\appvox\appvox\generatedfiles\debug\moc_chat.cpp
c:\users\user\documents\github\voxty-dev\appvox\x64\debug\appvox.ilk
c:\users\user\documents\github\voxty-dev\appvox\x64\debug\appvox.exe
c:\users\user\documents\github\voxty-dev\appvox\x64\debug\appvox.pdb
c:\users\user\documents\github\voxty-dev\appvox\appvox\x64\debug\appvox.tlog\cl.command.1.tlog
c:\users\user\documents\github\voxty-dev\appvox\appvox\x64\debug\appvox.tlog\cl.read.1.tlog
c:\users\user\documents\github\voxty-dev\appvox\appvox\x64\debug\appvox.tlog\cl.write.1.tlog
c:\users\user\documents\github\voxty-dev\appvox\appvox\x64\debug\appvox.tlog\custombuild.command.1.tlog
c:\users\user\documents\github\voxty-dev\appvox\appvox\x64\debug\appvox.tlog\custombuild.read.1.tlog
c:\users\user\documents\github\voxty-dev\appvox\appvox\x64\debug\appvox.tlog\custombuild.write.1.tlog
c:\users\user\documents\github\voxty-dev\appvox\appvox\x64\debug\appvox.tlog\link.5856-cvtres.read.1.tlog
c:\users\user\documents\github\voxty-dev\appvox\appvox\x64\debug\appvox.tlog\link.5856-cvtres.write.1.tlog
c:\users\user\documents\github\voxty-dev\appvox\appvox\x64\debug\appvox.tlog\link.5856-rc.read.1.tlog
c:\users\user\documents\github\voxty-dev\appvox\appvox\x64\debug\appvox.tlog\link.5856-rc.write.1.tlog
c:\users\user\documents\github\voxty-dev\appvox\appvox\x64\debug\appvox.tlog\link.5856.read.1.tlog
c:\users\user\documents\github\voxty-dev\appvox\appvox\x64\debug\appvox.tlog\link.5856.write.1.tlog
c:\users\user\documents\github\voxty-dev\appvox\appvox\x64\debug\appvox.tlog\link.command.1.tlog
c:\users\user\documents\github\voxty-dev\appvox\appvox\x64\debug\appvox.tlog\link.read.1.tlog
c:\users\user\documents\github\voxty-dev\appvox\appvox\x64\debug\appvox.tlog\link.write.1.tlog
